[    0.000000] Linux version 4.15.0-212-generic (buildd@lcy02-amd64-083) (gcc version 7.5.0 (Ubuntu 7.5.0-3ubuntu1~18.04)) #223-Ubuntu SMP Tue May 23 13:09:22 UTC 2023 (Ubuntu 4.15.0-212.223-generic 4.15.18)
[    0.000000] Command line: BOOT_IMAGE=/boot/vmlinuz-4.15.0-212-generic root=LABEL=cloudimg-rootfs ro console=tty1 console=ttyS0
[    0.000000] KERNEL supported cpus:
[    0.000000]   Intel GenuineIntel
[    0.000000]   AMD AuthenticAMD
[    0.000000]   Centaur CentaurHauls
[    0.000000] x86/fpu: Supporting XSAVE feature 0x001: 'x87 floating point registers'
[    0.000000] x86/fpu: Supporting XSAVE feature 0x002: 'SSE registers'
[    0.000000] x86/fpu: Supporting XSAVE feature 0x004: 'AVX registers'
[    0.000000] x86/fpu: xstate_offset[2]:  576, xstate_sizes[2]:  256
[    0.000000] x86/fpu: Enabled xstate features 0x7, context size is 832 bytes, using 'standard' format.
[    0.000000] e820: BIOS-provided physical RAM map:
[    0.000000] BIOS-e820: [mem 0x0000000000000000-0x000000000009fbff] usable
[    0.000000] BIOS-e820: [mem 0x000000000009fc00-0x000000000009ffff] reserved
[    0.000000] BIOS-e820: [mem 0x00000000000f0000-0x00000000000fffff] reserved
[    0.000000] BIOS-e820: [mem 0x0000000000100000-0x000000007ffeffff] usable
[    0.000000] BIOS-e820: [mem 0x000000007fff0000-0x000000007fffffff] ACPI data
[    0.000000] BIOS-e820: [mem 0x00000000fec00000-0x00000000fec00fff] reserved
[    0.000000] BIOS-e820: [mem 0x00000000fee00000-0x00000000fee00fff] reserved
[    0.000000] BIOS-e820: [mem 0x00000000fffc0000-0x00000000ffffffff] reserved
[    0.000000] NX (Execute Disable) protection: active
[    0.000000] SMBIOS 2.5 present.
[    0.000000] DMI: innotek GmbH VirtualBox/VirtualBox, BIOS VirtualBox 12/01/2006
[    0.000000] Hypervisor detected: KVM
[    0.000000] e820: last_pfn = 0x7fff0 max_arch_pfn = 0x400000000
[    0.000000] MTRR: Disabled
[    0.000000] x86/PAT: MTRRs disabled, skipping PAT initialization too.
[    0.000000] CPU MTRRs all blank - virtualized system.
[    0.000000] x86/PAT: Configuration [0-7]: WB  WT  UC- UC  WB  WT  UC- UC  
[    0.000000] found SMP MP-table at [mem 0x0009fff0-0x0009ffff]
[    0.000000] Scanning 1 areas for low memory corruption
[    0.000000] RAMDISK: [mem 0x359cb000-0x36cdcfff]
[    0.000000] ACPI: Early table checksum verification disabled
[    0.000000] ACPI: RSDP 0x00000000000E0000 000024 (v02 VBOX  )
[    0.000000] ACPI: XSDT 0x000000007FFF0030 00003C (v01 VBOX   VBOXXSDT 00000001 ASL  00000061)
[    0.000000] ACPI: FACP 0x000000007FFF00F0 0000F4 (v04 VBOX   VBOXFACP 00000001 ASL  00000061)
[    0.000000] ACPI: DSDT 0x000000007FFF0610 002353 (v02 VBOX   VBOXBIOS 00000002 INTL 20100528)
[    0.000000] ACPI: FACS 0x000000007FFF0200 000040
[    0.000000] ACPI: FACS 0x000000007FFF0200 000040
[    0.000000] ACPI: APIC 0x000000007FFF0240 00005C (v02 VBOX   VBOXAPIC 00000001 ASL  00000061)
[    0.000000] ACPI: SSDT 0x000000007FFF02A0 00036C (v01 VBOX   VBOXCPUT 00000002 INTL 20100528)
[    0.000000] ACPI: Reserving FACP table memory at [mem 0x7fff00f0-0x7fff01e3]
[    0.000000] ACPI: Reserving DSDT table memory at [mem 0x7fff0610-0x7fff2962]
[    0.000000] ACPI: Reserving FACS table memory at [mem 0x7fff0200-0x7fff023f]
[    0.000000] ACPI: Reserving FACS table memory at [mem 0x7fff0200-0x7fff023f]
[    0.000000] ACPI: Reserving APIC table memory at [mem 0x7fff0240-0x7fff029b]
[    0.000000] ACPI: Reserving SSDT table memory at [mem 0x7fff02a0-0x7fff060b]
[    0.000000] No NUMA configuration found
[    0.000000] Faking a node at [mem 0x0000000000000000-0x000000007ffeffff]
[    0.000000] NODE_DATA(0) allocated [mem 0x7ffc5000-0x7ffeffff]
[    0.000000] kvm-clock: cpu 0, msr 0:7ff44001, primary cpu clock
[    0.000000] kvm-clock: Using msrs 4b564d01 and 4b564d00
[    0.000000] kvm-clock: using sched offset of 3937012028 cycles
[    0.000000] clocksource: kvm-clock: mask: 0xffffffffffffffff max_cycles: 0x1cd42e4dffb, max_idle_ns: 881590591483 ns
[    0.000000] Zone ranges:
[    0.000000]   DMA      [mem 0x0000000000001000-0x0000000000ffffff]
[    0.000000]   DMA32    [mem 0x0000000001000000-0x000000007ffeffff]
[    0.000000]   Normal   empty
[    0.000000]   Device   empty
[    0.000000] Movable zone start for each node
[    0.000000] Early memory node ranges
[    0.000000]   node   0: [mem 0x0000000000001000-0x000000000009efff]
[    0.000000]   node   0: [mem 0x0000000000100000-0x000000007ffeffff]
[    0.000000] Reserved but unavailable: 104 pages
[    0.000000] Initmem setup node 0 [mem 0x0000000000001000-0x000000007ffeffff]
[    0.000000] ACPI: PM-Timer IO Port: 0x4008
[    0.000000] IOAPIC[0]: apic_id 2, version 32, address 0xfec00000, GSI 0-23
[    0.000000] ACPI: INT_SRC_OVR (bus 0 bus_irq 0 global_irq 2 dfl dfl)
[    0.000000] ACPI: INT_SRC_OVR (bus 0 bus_irq 9 global_irq 9 low level)
[    0.000000] Using ACPI (MADT) for SMP configuration information
[    0.000000] smpboot: Allowing 2 CPUs, 0 hotplug CPUs
[    0.000000] PM: Registered nosave memory: [mem 0x00000000-0x00000fff]
[    0.000000] PM: Registered nosave memory: [mem 0x0009f000-0x0009ffff]
[    0.000000] PM: Registered nosave memory: [mem 0x000a0000-0x000effff]
[    0.000000] PM: Registered nosave memory: [mem 0x000f0000-0x000fffff]
[    0.000000] e820: [mem 0x80000000-0xfebfffff] available for PCI devices
[    0.000000] Booting paravirtualized kernel on KVM
[    0.000000] clocksource: refined-jiffies: mask: 0xffffffff max_cycles: 0xffffffff, max_idle_ns: 7645519600211568 ns
[    0.000000] setup_percpu: NR_CPUS:8192 nr_cpumask_bits:2 nr_cpu_ids:2 nr_node_ids:1
[    0.000000] percpu: Embedded 50 pages/cpu s167936 r8192 d28672 u1048576
[    0.000000] PV qspinlock hash table entries: 256 (order: 0, 4096 bytes)
[    0.000000] Built 1 zonelists, mobility grouping on.  Total pages: 515961
[    0.000000] Policy zone: DMA32
[    0.000000] Kernel command line: BOOT_IMAGE=/boot/vmlinuz-4.15.0-212-generic root=LABEL=cloudimg-rootfs ro console=tty1 console=ttyS0
[    0.000000] Memory: 2014836K/2096696K available (12300K kernel code, 2477K rwdata, 4324K rodata, 2480K init, 2720K bss, 81860K reserved, 0K cma-reserved)
[    0.000000] SLUB: HWalign=64, Order=0-3, MinObjects=0, CPUs=2, Nodes=1
[    0.000000] ftrace: allocating 39508 entries in 155 pages
[    0.004000] Hierarchical RCU implementation.
[    0.004000] 	RCU restricting CPUs from NR_CPUS=8192 to nr_cpu_ids=2.
[    0.004000] 	Tasks RCU enabled.
[    0.004000] RCU: Adjusting geometry for rcu_fanout_leaf=16, nr_cpu_ids=2
[    0.004000] NR_IRQS: 524544, nr_irqs: 440, preallocated irqs: 16
[    0.004000] random: crng init done
[    0.004000] Console: colour VGA+ 80x25
[    0.004000] console [tty1] enabled
[    0.004000] console [ttyS0] enabled
[    0.004000] ACPI: Core revision 20170831
[    0.004000] ACPI: 2 ACPI AML tables successfully acquired and loaded
[    0.004000] APIC: Switch to symmetric I/O mode setup
[    0.004000] x2apic enabled
[    0.004015] Switched APIC routing to physical x2apic.
[    0.008000] ..TIMER: vector=0x30 apic1=0 pin1=2 apic2=-1 pin2=-1
[    0.008011] tsc: Detected 2496.002 MHz processor
[    0.010178] Calibrating delay loop (skipped) preset value.. 4992.00 BogoMIPS (lpj=9984008)
[    0.012006] pid_max: default: 32768 minimum: 301
[    0.016058] Security Framework initialized
[    0.018310] Yama: becoming mindful.
[    0.020060] AppArmor: AppArmor initialized
[    0.028269] Dentry cache hash table entries: 262144 (order: 9, 2097152 bytes)
[    0.036093] Inode-cache hash table entries: 131072 (order: 8, 1048576 bytes)
[    0.040039] Mount-cache hash table entries: 4096 (order: 3, 32768 bytes)
[    0.044026] Mountpoint-cache hash table entries: 4096 (order: 3, 32768 bytes)
[    0.048622] Last level iTLB entries: 4KB 0, 2MB 0, 4MB 0
[    0.052006] Last level dTLB entries: 4KB 0, 2MB 0, 4MB 0, 1GB 0
[    0.055017] Spectre V1 : Mitigation: usercopy/swapgs barriers and __user pointer sanitization
[    0.056006] Spectre V2 : Mitigation: Retpolines
[    0.060007] Spectre V2 : Spectre v2 / SpectreRSB mitigation: Filling RSB on context switch
[    0.064012] Spectre V2 : Spectre v2 / SpectreRSB : Filling RSB on VMEXIT
[    0.068006] Speculative Store Bypass: Vulnerable
[    0.070523] Freeing SMP alternatives memory: 36K
[    0.185633] smpboot: CPU0: 12th Gen Intel(R) Core(TM) i5-1235U (family: 0x6, model: 0x9a, stepping: 0x4)
[    0.188168] Performance Events: unsupported p6 CPU model 154 no PMU driver, software events only.
[    0.192123] Hierarchical SRCU implementation.
[    0.196997] NMI watchdog: Perf event create on CPU 0 failed with -2
[    0.200007] NMI watchdog: Perf NMI watchdog permanently disabled
[    0.204148] smp: Bringing up secondary CPUs ...
[    0.208202] x86: Booting SMP configuration:
[    0.211154] .... node  #0, CPUs:      #1
[    0.004000] kvm-clock: cpu 1, msr 0:7ff44041, secondary cpu clock
[    0.218752] smp: Brought up 1 node, 2 CPUs
[    0.220025] smpboot: Max logical packages: 1
[    0.222315] smpboot: Total of 2 processors activated (9984.00 BogoMIPS)
[    0.224276] devtmpfs: initialized
[    0.228070] x86/mm: Memory block size: 128MB
[    0.230627] evm: security.selinux
[    0.232018] evm: security.SMACK64
[    0.233799] evm: security.SMACK64EXEC
[    0.236030] evm: security.SMACK64TRANSMUTE
[    0.238791] evm: security.SMACK64MMAP
[    0.240008] evm: security.apparmor
[    0.241618] evm: security.ima
[    0.244005] evm: security.capability
[    0.248390] clocksource: jiffies: mask: 0xffffffff max_cycles: 0xffffffff, max_idle_ns: 7645041785100000 ns
[    0.252051] futex hash table entries: 512 (order: 3, 32768 bytes)
[    0.256146] pinctrl core: initialized pinctrl subsystem
[    0.260069] RTC time:  6:47:06, date: 11/14/23
[    0.262769] NET: Registered protocol family 16
[    0.264147] audit: initializing netlink subsys (disabled)
[    0.268081] audit: type=2000 audit(1699944432.161:1): state=initialized audit_enabled=0 res=1
[    0.272022] cpuidle: using governor ladder
[    0.274592] cpuidle: using governor menu
[    0.276116] ACPI: bus type PCI registered
[    0.278238] acpiphp: ACPI Hot Plug PCI Controller Driver version: 0.5
[    0.280277] PCI: Using configuration type 1 for base access
[    0.288252] HugeTLB registered 2.00 MiB page size, pre-allocated 0 pages
[    0.304252] ACPI: Added _OSI(Module Device)
[    0.306887] ACPI: Added _OSI(Processor Device)
[    0.308024] ACPI: Added _OSI(3.0 _SCP Extensions)
[    0.310649] ACPI: Added _OSI(Processor Aggregator Device)
[    0.312010] ACPI: Added _OSI(Linux-Dell-Video)
[    0.316007] ACPI: Added _OSI(Linux-Lenovo-NV-HDMI-Audio)
[    0.320007] ACPI: Added _OSI(Linux-HPI-Hybrid-Graphics)
[    0.324176] ACPI: Executed 1 blocks of module-level executable AML code
[    0.340832] ACPI: Interpreter enabled
[    0.343011] ACPI: (supports S0 S5)
[    0.344008] ACPI: Using IOAPIC for interrupt routing
[    0.347012] PCI: Using host bridge windows from ACPI; if necessary, use "pci=nocrs" and report a bug
[    0.352386] ACPI: Enabled 2 GPEs in block 00 to 07
[    0.367242] ACPI: PCI Root Bridge [PCI0] (domain 0000 [bus 00-ff])
[    0.368034] acpi PNP0A03:00: _OSC: OS supports [ASPM ClockPM Segments MSI]
[    0.373013] acpi PNP0A03:00: _OSC: not requesting OS control; OS requires [ExtendedConfig ASPM ClockPM MSI]
[    0.376037] acpi PNP0A03:00: fail to add MMCONFIG information, can't access extended PCI configuration space under this bridge.
[    0.381025] PCI host bridge to bus 0000:00
[    0.384010] pci_bus 0000:00: root bus resource [io  0x0000-0x0cf7 window]
[    0.388006] pci_bus 0000:00: root bus resource [io  0x0d00-0xffff window]
[    0.392005] pci_bus 0000:00: root bus resource [mem 0x000a0000-0x000bffff window]
[    0.395708] pci_bus 0000:00: root bus resource [mem 0x80000000-0xfdffffff window]
[    0.396017] pci_bus 0000:00: root bus resource [bus 00-ff]
[    0.405982] pci 0000:00:01.1: legacy IDE quirk: reg 0x10: [io  0x01f0-0x01f7]
[    0.408009] pci 0000:00:01.1: legacy IDE quirk: reg 0x14: [io  0x03f6]
[    0.412015] pci 0000:00:01.1: legacy IDE quirk: reg 0x18: [io  0x0170-0x0177]
[    0.416007] pci 0000:00:01.1: legacy IDE quirk: reg 0x1c: [io  0x0376]
[    0.466317] pci 0000:00:07.0: quirk: [io  0x4000-0x403f] claimed by PIIX4 ACPI
[    0.468089] pci 0000:00:07.0: quirk: [io  0x4100-0x410f] claimed by PIIX4 SMB
[    0.505590] ACPI: PCI Interrupt Link [LNKA] (IRQs 5 9 10 *11)
[    0.508703] ACPI: PCI Interrupt Link [LNKB] (IRQs 5 9 *10 11)
[    0.512121] ACPI: PCI Interrupt Link [LNKC] (IRQs 5 *9 10 11)
[    0.514370] ACPI: PCI Interrupt Link [LNKD] (IRQs 5 9 10 *11)
[    0.516828] SCSI subsystem initialized
[    0.520090] pci 0000:00:02.0: vgaarb: setting as boot VGA device
[    0.523076] pci 0000:00:02.0: vgaarb: VGA device added: decodes=io+mem,owns=io+mem,locks=none
[    0.524013] pci 0000:00:02.0: vgaarb: bridge control possible
[    0.528008] vgaarb: loaded
[    0.529290] ACPI: bus type USB registered
[    0.532052] usbcore: registered new interface driver usbfs
[    0.536034] usbcore: registered new interface driver hub
[    0.538632] usbcore: registered new device driver usb
[    0.540130] EDAC MC: Ver: 3.0.0
[    0.544555] PCI: Using ACPI for IRQ routing
[    0.548718] NetLabel: Initializing
[    0.550500] NetLabel:  domain hash size = 128
[    0.552012] NetLabel:  protocols = UNLABELED CIPSOv4 CALIPSO
[    0.554760] NetLabel:  unlabeled traffic allowed by default
[    0.556201] clocksource: Switched to clocksource kvm-clock
[    0.596674] VFS: Disk quotas dquot_6.6.0
[    0.598090] VFS: Dquot-cache hash table entries: 512 (order 0, 4096 bytes)
[    0.601940] AppArmor: AppArmor Filesystem Enabled
[    0.604575] pnp: PnP ACPI init
[    0.608718] pnp: PnP ACPI: found 3 devices
[    0.626065] clocksource: acpi_pm: mask: 0xffffff max_cycles: 0xffffff, max_idle_ns: 2085701024 ns
[    0.630863] NET: Registered protocol family 2
[    0.633379] IP idents hash table entries: 32768 (order: 6, 262144 bytes)
[    0.637300] TCP established hash table entries: 16384 (order: 5, 131072 bytes)
[    0.651098] TCP bind hash table entries: 16384 (order: 6, 262144 bytes)
[    0.654708] TCP: Hash tables configured (established 16384 bind 16384)
[    0.658260] UDP hash table entries: 1024 (order: 3, 32768 bytes)
[    0.661480] UDP-Lite hash table entries: 1024 (order: 3, 32768 bytes)
[    0.664951] NET: Registered protocol family 1
[    0.667486] pci 0000:00:00.0: Limiting direct PCI/PCI transfers
[    0.670484] pci 0000:00:01.0: Activating ISA DMA hang workarounds
[    0.673622] pci 0000:00:02.0: Video device with shadowed ROM at [mem 0x000c0000-0x000dffff]
[    0.688728] Unpacking initramfs...
[    1.547244] Freeing initrd memory: 19528K
[    1.549837] clocksource: tsc: mask: 0xffffffffffffffff max_cycles: 0x23fa79125d1, max_idle_ns: 440795329579 ns
[    1.554859] platform rtc_cmos: registered platform RTC device (no PNP device found)
[    1.558969] Scanning for low memory corruption every 60 seconds
[    1.563783] Initialise system trusted keyrings
[    1.566161] Key type blacklist registered
[    1.577794] workingset: timestamp_bits=36 max_order=19 bucket_order=0
[    1.583251] zbud: loaded
[    1.586022] squashfs: version 4.0 (2009/01/31) Phillip Lougher
[    1.589512] fuse init (API version 7.26)
[    1.596516] Key type asymmetric registered
[    1.598769] Asymmetric key parser 'x509' registered
[    1.601748] Block layer SCSI generic (bsg) driver version 0.4 loaded (major 246)
[    1.606058] io scheduler noop registered
[    1.608334] io scheduler deadline registered
[    1.611013] io scheduler cfq registered (default)
[    1.614406] ACPI: AC Adapter [AC] (on-line)
[    1.616778] input: Power Button as /devices/LNXSYSTM:00/LNXPWRBN:00/input/input0
[    1.620694] ACPI: Power Button [PWRF]
[    1.622276] input: Sleep Button as /devices/LNXSYSTM:00/LNXSLPBN:00/input/input1
[    1.624272] ACPI: Sleep Button [SLPF]
[    1.627192] Serial: 8250/16550 driver, 32 ports, IRQ sharing enabled
[    1.629068] ACPI: Battery Slot [BAT0] (battery present)
[    1.655250] 00:02: ttyS0 at I/O 0x3f8 (irq = 4, base_baud = 115200) is a 16550A
[    1.661587] Linux agpgart interface v0.103
[    1.665947] loop: module loaded
[    1.669257] scsi host0: ata_piix
[    1.671853] scsi host1: ata_piix
[    1.674136] ata1: PATA max UDMA/33 cmd 0x1f0 ctl 0x3f6 bmdma 0xd000 irq 14
[    1.682269] ata2: PATA max UDMA/33 cmd 0x170 ctl 0x376 bmdma 0xd008 irq 15
[    1.688383] tun: Universal TUN/TAP device driver, 1.6
[    1.699256] PPP generic driver version 2.4.2
[    1.702430] ehci_hcd: USB 2.0 'Enhanced' Host Controller (EHCI) Driver
[    1.706302] ehci-pci: EHCI PCI platform driver
[    1.708951] ehci-platform: EHCI generic platform driver
[    1.713168] ohci_hcd: USB 1.1 'Open' Host Controller (OHCI) Driver
[    1.715878] ohci-pci: OHCI PCI platform driver
[    1.718554] ohci-platform: OHCI generic platform driver
[    1.721378] uhci_hcd: USB Universal Host Controller Interface driver
[    1.724587] i8042: PNP: PS/2 Controller [PNP0303:PS2K,PNP0f03:PS2M] at 0x60,0x64 irq 1,12
[    1.730416] serio: i8042 KBD port at 0x60,0x64 irq 1
[    1.733565] serio: i8042 AUX port at 0x60,0x64 irq 12
[    1.736587] mousedev: PS/2 mouse device common for all mice
[    1.741013] rtc_cmos rtc_cmos: rtc core: registered rtc_cmos as rtc0
[    1.744931] rtc_cmos rtc_cmos: alarms up to one day, 114 bytes nvram
[    1.748116] input: AT Translated Set 2 keyboard as /devices/platform/i8042/serio0/input/input2
[    1.748425] i2c /dev entries driver
[    1.753784] device-mapper: uevent: version 1.0.3
[    1.756461] device-mapper: ioctl: 4.37.0-ioctl (2017-09-20) initialised: dm-devel@redhat.com
[    1.761039] ledtrig-cpu: registered to indicate activity on CPUs
[    1.765849] NET: Registered protocol family 10
[    1.775277] Segment Routing with IPv6
[    1.777485] NET: Registered protocol family 17
[    1.779969] Key type dns_resolver registered
[    1.782775] mce: Using 0 MCE banks
[    1.784647] RAS: Correctable Errors collector initialized.
[    1.787385] sched_clock: Marking stable (1784582490, 0)->(2246611377, -462028887)
[    1.792608] registered taskstats version 1
[    1.794704] Loading compiled-in X.509 certificates
[    1.801242] Loaded X.509 cert 'Build time autogenerated kernel key: b5b26778eaa3ab3a4a6cee031137706e947d12ad'
[    1.807219] Loaded X.509 cert 'Canonical Ltd. Live Patch Signing: 14df34d1a87cf37625abec039ef2bf521249b969'
[    1.813863] Loaded X.509 cert 'Canonical Ltd. Kernel Module Signing: 88f752e560a1e0737e31163a466ad7b70a850c19'
[    1.818757] blacklist: Loading compiled-in revocation X.509 certificates
[    1.822257] Loaded X.509 cert 'Canonical Ltd. Secure Boot Signing: 61482aa2830d0ab2ad5af10b7250da9033ddcef0'
[    1.827896] Loaded X.509 cert 'Canonical Ltd. Secure Boot Signing (2017): 242ade75ac4a15e50d50c84b0d45ff3eae707a03'
[    1.833000] Loaded X.509 cert 'Canonical Ltd. Secure Boot Signing (ESM 2018): 365188c1d374d6b07c3c8f240f8ef722433d6a8b'
[    1.838251] Loaded X.509 cert 'Canonical Ltd. Secure Boot Signing (2019): c0746fd6c5da3ae827864651ad66ae47fe24b3e8'
[    1.843574] Loaded X.509 cert 'Canonical Ltd. Secure Boot Signing (2021 v1): a8d54bbb3825cfb94fa13c9f8a594a195c107b8d'
[    1.848811] Loaded X.509 cert 'Canonical Ltd. Secure Boot Signing (2021 v2): 4cf046892d6fd3c9a5b03f98d845f90851dc6a8c'
[    1.864205] Loaded X.509 cert 'Canonical Ltd. Secure Boot Signing (2021 v3): 100437bb6de6e469b581e61cd66bce3ef4ed53af'
[    1.868755] Loaded X.509 cert 'Canonical Ltd. Secure Boot Signing (Ubuntu Core 2019): c1d57b8f6b743f23ee41f4f7ee292f06eecadfb9'
[    1.876442] zswap: loaded using pool lzo/zbud
[    1.896832] Key type big_key registered
[    1.898845] Key type trusted registered
[    1.903320] Key type encrypted registered
[    1.905428] AppArmor: AppArmor sha1 policy hashing enabled
[    1.908244] ima: No TPM chip found, activating TPM-bypass! (rc=-19)
[    1.911999] ima: Allocated hash algorithm: sha1
[    1.913323] evm: HMAC attrs: 0x1
[    1.914613]   Magic number: 15:951:771
[    1.916138] rtc_cmos rtc_cmos: setting system clock to 2023-11-14 06:47:08 UTC (1699944428)
[    1.918377] BIOS EDD facility v0.16 2004-Jun-25, 0 devices found
[    1.920054] EDD information not available.
[    1.925324] Freeing unused kernel image memory: 2480K
[    1.966713] Write protecting the kernel read-only data: 20480k
[    1.971480] Freeing unused kernel image memory: 2008K
[    1.974992] Freeing unused kernel image memory: 1820K
[    1.988870] x86/mm: Checked W+X mappings: passed, no W+X pages found.
Loading, please wait...
starting version 237
[    2.090453] Fusion MPT base driver 3.04.20
[    2.094096] Copyright (c) 1999-2008 LSI Corporation
[    2.120610] e1000: Intel(R) PRO/1000 Network Driver - version 7.3.21-k8-NAPI
[    2.124356] e1000: Copyright (c) 1999-2006 Intel Corporation.
[    2.149031] Fusion MPT SPI Host driver 3.04.20
[    2.163295] AVX2 version of gcm_enc/dec engaged.
[    2.165451] AES CTR mode by8 optimization enabled
[    2.370210] input: ImExPS/2 Generic Explorer Mouse as /devices/platform/i8042/serio1/input/input4
[    2.990571] e1000 0000:00:03.0 eth0: (PCI:33MHz:32-bit) 02:3b:7b:b7:3b:2d
[    2.995603] e1000 0000:00:03.0 eth0: Intel(R) PRO/1000 Network Connection
[    3.991950] e1000 0000:00:08.0 eth1: (PCI:33MHz:32-bit) 08:00:27:57:5c:00
[    3.996489] e1000 0000:00:08.0 eth1: Intel(R) PRO/1000 Network Connection
[    4.002712] e1000 0000:00:03.0 enp0s3: renamed from eth0
[    4.005806] mptbase: ioc0: Initiating bringup
[    4.025283] e1000 0000:00:08.0 enp0s8: renamed from eth1
[    4.137230] ioc0: LSI53C1030 A0: Capabilities={Initiator}
[    4.391724] scsi host2: ioc0: LSI53C1030 A0, FwRev=00000000h, Ports=1, MaxQ=256, IRQ=20
[    4.565650] scsi 2:0:0:0: Direct-Access     VBOX     HARDDISK         1.0  PQ: 0 ANSI: 5
[    4.973156] scsi target2:0:0: Beginning Domain Validation
[    4.986029] scsi target2:0:0: Domain Validation skipping write tests
[    4.989969] scsi target2:0:0: Ending Domain Validation
[    4.995861] scsi target2:0:0: asynchronous
[    4.999220] scsi 2:0:1:0: Direct-Access     VBOX     HARDDISK         1.0  PQ: 0 ANSI: 5
[    5.989321] scsi target2:0:1: Beginning Domain Validation
[    5.999159] scsi target2:0:1: Domain Validation skipping write tests
[    6.003195] scsi target2:0:1: Ending Domain Validation
[    6.006714] scsi target2:0:1: asynchronous
[    6.018999] sd 2:0:0:0: Attached scsi generic sg0 type 0
[    6.020211] sd 2:0:0:0: [sda] 83886080 512-byte logical blocks: (42.9 GB/40.0 GiB)
[    6.028263] sd 2:0:0:0: [sda] Write Protect is off
[    6.030933] sd 2:0:1:0: Attached scsi generic sg1 type 0
[    6.034341] sd 2:0:0:0: [sda] Incomplete mode parameter data
[    6.037336] sd 2:0:0:0: [sda] Assuming drive cache: write through
[    6.040269] sd 2:0:1:0: [sdb] 20480 512-byte logical blocks: (10.5 MB/10.0 MiB)
[    6.045933] sd 2:0:1:0: [sdb] Write Protect is off
[    6.049420] sd 2:0:1:0: [sdb] Incomplete mode parameter data
[    6.052249] sd 2:0:1:0: [sdb] Assuming drive cache: write through
[    6.059012]  sda: sda1
[    6.061970] sd 2:0:1:0: [sdb] Attached SCSI disk
[    6.063845] sd 2:0:0:0: [sda] Attached SCSI disk
Begin: Loading essential drivers ... [    8.156829] raid6: sse2x1   gen()  5793 MB/s
[    8.204061] raid6: sse2x1   xor()  3228 MB/s
[    8.253211] raid6: sse2x2   gen()  6982 MB/s
[    8.300910] raid6: sse2x2   xor()  4875 MB/s
[    8.348062] raid6: sse2x4   gen()  7922 MB/s
[    8.396162] raid6: sse2x4   xor()  5407 MB/s
[    8.444128] raid6: avx2x1   gen()  6993 MB/s
[    8.492175] raid6: avx2x1   xor()  3901 MB/s
[    8.540759] raid6: avx2x2   gen()  8309 MB/s
[    8.588048] raid6: avx2x2   xor()  4727 MB/s
[    8.636061] raid6: avx2x4   gen()  8269 MB/s
[    8.684326] raid6: avx2x4   xor()  3839 MB/s
[    8.686578] raid6: using algorithm avx2x2 gen() 8309 MB/s
[    8.689404] raid6: .... xor() 4727 MB/s, rmw enabled
[    8.692627] raid6: using avx2x2 recovery algorithm
[    8.696599] xor: automatically using best checksumming function   avx       
[    8.701290] async_tx: api initialized (async)
done.
Begin: Running /scripts/init-premount ... done.
Begin: Mounting root file system ... Begin: Running /scripts/local-top ... done.
Begin: Running /scripts/local-premount ... [    8.787299] Btrfs loaded, crc32c=crc32c-intel
Scanning for Btrfs filesystems
done.
Warning: fsck not present, so skipping root file system
[    8.849083] EXT4-fs (sda1): mounted filesystem with ordered data mode. Opts: (null)
done.
Begin: Running /scripts/local-bottom ... done.
Begin: Running /scripts/init-bottom ... done.
[    9.116133] ip_tables: (C) 2000-2006 Netfilter Core Team
[    9.133880] systemd[1]: systemd 237 running in system mode. (+PAM +AUDIT +SELINUX +IMA +APPARMOR +SMACK +SYSVINIT +UTMP +LIBCRYPTSETUP +GCRYPT +GNUTLS +ACL +XZ +LZ4 +SECCOMP +BLKID +ELFUTILS +KMOD -IDN2 +IDN -PCRE2 default-hierarchy=hybrid)
[    9.145473] systemd[1]: Detected virtualization oracle.
[    9.148158] systemd[1]: Detected architecture x86-64.

Welcome to [1mUbuntu 18.04.6 LTS[0m!

[    9.162130] systemd[1]: Set hostname to <ubuntu>.
[    9.167330] systemd[1]: Initializing machine ID from random generator.
[    9.170767] systemd[1]: Installed transient /etc/machine-id file.
[    9.522036] systemd[1]: Reached target System Time Synchronized.
[[0;32m  OK  [0m] Reached target System Time Synchronized.
[    9.528536] systemd[1]: Reached target Mounting snaps.
[[0;32m  OK  [0m] Reached target Mounting snaps.
[    9.532888] systemd[1]: Reached target Mounted snaps.
[[0;32m  OK  [0m] Reached target Mounted snaps.
[    9.537419] systemd[1]: Reached target User and Group Name Lookups.
[[0;32m  OK  [0m] Reached target User and Group Name Lookups.
[[0;32m  OK  [0m] Created slice System Slice.
[[0;32m  OK  [0m] Listening on Device-mapper event daemon FIFOs.
[[0;32m  OK  [0m] Listening on Journal Socket (/dev/log).
[[0;32m  OK  [0m] Listening on udev Kernel Socket.
[[0;32m  OK  [0m] Listening on fsck to fsckd communication Socket.
[[0;32m  OK  [0m] Listening on Journal Socket.
         Mounting POSIX Message Queue File System...
         Starting File System Check on Root Device...
         Starting Uncomplicated firewall...
[[0;32m  OK  [0m] Listening on Network Service Netlink Socket.
[[0;32m  OK  [0m] Created slice User and Session Slice.
[[0;32m  OK  [0m] Started Forward Password Requests to Wall Directory Watch.
[[0;32m  OK  [0m] Listening on Journal Audit Socket.
[[0;32m  OK  [0m] Reached target Slices.
         Starting Load Kernel Modules...
[[0;32m  OK  [0m] Listening on /dev/initctl Compatibility Named Pipe.
[[0;32m  OK  [0m] Reached target Swap.
[[0;32m  OK  [0m] Listening on udev Control Socket.
[[0;32m  OK  [0m] Listening on LVM2 metadata daemon socket.
         Starting Monitoring of LVM2 mirrors…ng dmeventd or progress polling...
         Starting udev Coldplug all Devices...
[[0;32m  OK  [0m] Created slice system-serial\x2dgetty.slice.
[    9.678025] Loading iSCSI transport class v2.0-870.
         Starting Create list of required st…ce nodes for the current kernel...
[[0;32m  OK  [0m] Listening on Syslog Socket.
         Starting Journal Service...
[[0;32m  OK  [0m] Listening on LVM2 poll daemon socket.
         Mounting Huge Pages File System...
         Starting Set the console keyboard layout...
         Mounting Kernel Debug File System...
[[0;32m  OK  [0m] Set up automount Arbitrary Executab…rmats File System Automount Point.
[    9.772070] iscsi: registered transport (tcp)
[[0;32m  OK  [0m] Mounted POSIX Message Queue File System.
[[0;32m  OK  [0m] Started File System Check on Root Device.
[[0;32m  OK  [0m] Started Uncomplicated firewall.
[[0;32m  OK  [0m] Started Create list of required sta…vice nodes for the current kernel.
[[0;32m  OK  [0m] Mounted Huge Pages File System.
[[0;32m  OK  [0m] Mounted Kernel Debug File System.
[[0;32m  OK  [0m] Started Journal Service.
[[0;32m  OK  [0m] Started File System Check Daemon to report status.
         Starting Create Static Device Nodes in /dev...
         Starting Remount Root and Kernel File Systems...
[[0;32m  OK  [0m] Started LVM2 metadata daemon.
[[0;32m  OK  [0m] Started udev Coldplug all Devices.
[[0;32m  OK  [0m] Started Create Static Device Nodes in /dev.
[    9.915020] iscsi: registered transport (iser)
[[0;32m  OK  [0m] Started Load Kernel Modules.
         Mounting FUSE Control File System...
         Mounting Kernel Configuration File System...
         Starting Apply Kernel Variables...[    9.938532] EXT4-fs (sda1): re-mounted. Opts: (null)

[[0;32m  OK  [0m] Started Remount Root and Kernel File Systems.
[[0;32m  OK  [0m] Mounted FUSE Control File System.
[[0;32m  OK  [0m] Mounted Kernel Configuration File System.
         Starting Flush Journal to Persistent Storage...
         Starting Load/Save Random Seed...
         Starting udev Kernel Device Manager...
[    9.992908] systemd-journald[421]: Received request to flush runtime journal from PID 1
[[0;32m  OK  [0m] Started Load/Save Random Seed.
[[0;32m  OK  [0m] Started Monitoring of LVM2 mirrors,…sing dmeventd or progress polling.
[[0;32m  OK  [0m] Started udev Kernel Device Manager.
[[0;32m  OK  [0m] Started Apply Kernel Variables.
[[0;32m  OK  [0m] Started Flush Journal to Persistent Storage.
[[0;32m  OK  [0m] Found device /dev/ttyS0.
[[0;32m  OK  [0m] Listening on Load/Save RF Kill Switch Status /dev/rfkill Watch.
         Mounting Arbitrary Executable File Formats File System...
[[0;32m  OK  [0m] Mounted Arbitrary Executable File Formats File System.
[[0;32m  OK  [0m] Started Set the console keyboard layout.
[[0;32m  OK  [0m] Reached target Local File Systems (Pre).
[[0;32m  OK  [0m] Reached target Local File Systems.
         Starting Set console font and keymap...
         Starting ebtables ruleset management...
         Starting Create Volatile Files and Directories...
         Starting AppArmor initialization...
         Starting Commit a transient machine-id on disk...
         Starting Tell Plymouth To Write Out Runtime Data...
[[0;32m  OK  [0m] Started Dispatch Password Requests to Console Directory Watch.
[[0;32m  OK  [0m] Reached target Local Encrypted Volumes.
[[0;32m  OK  [0m] Started Tell Plymouth To Write Out Runtime Data.
[[0;32m  OK  [0m] Started Create Volatile Files and Directories.
         Starting Update UTMP about System Boot/Shutdown...
[[0;32m  OK  [0m] Started Update UTMP about System Boot/Shutdown.
[[0;32m  OK  [0m] Started Commit a transient machine-id on disk.
[[0;32m  OK  [0m] Started ebtables ruleset management.
[[0;32m  OK  [0m] Started AppArmor initialization.
         Starting Load AppArmor profiles managed internally by snapd...
         Starting Initial cloud-init job (pre-networking)...
[[0;32m  OK  [0m] Started Load AppArmor profiles managed internally by snapd.
[[0;32m  OK  [0m] Started Set console font and keymap.
[   16.230715] cloud-init[656]: Cloud-init v. 23.1.2-0ubuntu0~18.04.1 running 'init-local' at Tue, 14 Nov 2023 06:47:22 +0000. Up 15.60 seconds.
[[0;32m  OK  [0m] Started Initial cloud-init job (pre-networking).
[[0;32m  OK  [0m] Reached target Network (Pre).
         Starting Network Service...
[[0;32m  OK  [0m] Started Network Service.
         Starting Network Name Resolution...
         Starting Wait for Network to be Configured...
[[0;32m  OK  [0m] Started Network Name Resolution.
[[0;32m  OK  [0m] Reached target Host and Network Name Lookups.
[[0;32m  OK  [0m] Reached target Network.
[[0;32m  OK  [0m] Started Wait for Network to be Configured.
         Starting Initial cloud-init job (metadata service crawler)...
[   18.485969] cloud-init[947]: Cloud-init v. 23.1.2-0ubuntu0~18.04.1 running 'init' at Tue, 14 Nov 2023 06:47:24 +0000. Up 18.22 seconds.
[   18.490219] cloud-init[947]: ci-info: ++++++++++++++++++++++++++++++++++++++Net device info+++++++++++++++++++++++++++++++++++++++
[   18.492711] cloud-init[947]: ci-info: +--------+-------+----------------------------+---------------+--------+-------------------+
[   18.494821] cloud-init[947]: ci-info: | Device |   Up  |          Address           |      Mask     | Scope  |     Hw-Address    |
[   18.497694] cloud-init[947]: ci-info: +--------+-------+----------------------------+---------------+--------+-------------------+
[   18.499475] cloud-init[947]: ci-info: | enp0s3 |  True |         10.0.2.15          | 255.255.255.0 | global | 02:3b:7b:b7:3b:2d |
[   18.502730] cloud-init[947]: ci-info: | enp0s3 |  True | fe80::3b:7bff:feb7:3b2d/64 |       .       |  link  | 02:3b:7b:b7:3b:2d |
[   18.505515] cloud-init[947]: ci-info: | enp0s8 | False |             .              |       .       |   .    | 08:00:27:57:5c:00 |
[   18.510082] cloud-init[947]: ci-info: |   lo   |  True |         127.0.0.1          |   255.0.0.0   |  host  |         .         |
[   18.512678] cloud-init[947]: ci-info: |   lo   |  True |          ::1/128           |       .       |  host  |         .         |
[   18.514973] cloud-init[947]: ci-info: +--------+-------+----------------------------+---------------+--------+-------------------+
[   18.518941] cloud-init[947]: ci-info: ++++++++++++++++++++++++++++Route IPv4 info+++++++++++++++++++++++++++++
[   18.532992] cloud-init[947]: ci-info: +-------+-------------+----------+-----------------+-----------+-------+
[   18.535386] cloud-init[947]: ci-info: | Route | Destination | Gateway  |     Genmask     | Interface | Flags |
[   18.540803] cloud-init[947]: ci-info: +-------+-------------+----------+-----------------+-----------+-------+
[   18.545529] cloud-init[947]: ci-info: |   0   |   0.0.0.0   | 10.0.2.2 |     0.0.0.0     |   enp0s3  |   UG  |
[   18.548832] cloud-init[947]: ci-info: |   1   |   10.0.2.0  | 0.0.0.0  |  255.255.255.0  |   enp0s3  |   U   |
[   18.552284] cloud-init[947]: ci-info: |   2   |   10.0.2.2  | 0.0.0.0  | 255.255.255.255 |   enp0s3  |   UH  |
[   18.554725] cloud-init[947]: ci-info: +-------+-------------+----------+-----------------+-----------+-------+
[   18.557154] cloud-init[947]: ci-info: +++++++++++++++++++Route IPv6 info+++++++++++++++++++
[   18.560436] cloud-init[947]: ci-info: +-------+-------------+---------+-----------+-------+
[   18.563212] cloud-init[947]: ci-info: | Route | Destination | Gateway | Interface | Flags |
[   18.567032] cloud-init[947]: ci-info: +-------+-------------+---------+-----------+-------+
[   18.568944] cloud-init[947]: ci-info: |   1   |  fe80::/64  |    ::   |   enp0s3  |   U   |
[   18.570725] cloud-init[947]: ci-info: |   3   |    local    |    ::   |   enp0s3  |   U   |
[   18.572799] cloud-init[947]: ci-info: |   4   |   ff00::/8  |    ::   |   enp0s3  |   U   |
[   18.575384] cloud-init[947]: ci-info: +-------+-------------+---------+-----------+-------+
[   19.561011] cloud-init[947]: Generating public/private rsa key pair.
[   19.591592] cloud-init[947]: Your identification has been saved in /etc/ssh/ssh_host_rsa_key.
[   19.595374] cloud-init[947]: Your public key has been saved in /etc/ssh/ssh_host_rsa_key.pub.
[   19.598192] cloud-init[947]: The key fingerprint is:
[   19.599811] cloud-init[947]: SHA256:eaOrHLBZivu8ojaopD9lIbFXhPknpfXB2WbQwwdSCOU root@ubuntu-bionic
[   19.602594] cloud-init[947]: The key's randomart image is:
[   19.603979] cloud-init[947]: +---[RSA 2048]----+
[   19.605470] cloud-init[947]: |     +. .++Oo.   |
[   19.607130] cloud-init[947]: |  . o . o.=.B .  |
[   19.609121] cloud-init[947]: |   o o + .E+ o   |
[   19.610250] cloud-init[947]: |  o o + ...      |
[   19.620358] cloud-init[947]: |   o...oS o      |
[   19.621806] cloud-init[947]: |   .o*   o .     |
[   19.640739] cloud-init[947]: |...o+ . .        |
[   19.644628] cloud-init[947]: |+ooo . . .       |
[   19.646963] cloud-init[947]: |*o+++.o..        |
[   19.649338] cloud-init[947]: +----[SHA256]-----+
[   19.650939] cloud-init[947]: Generating public/private dsa key pair.
[   19.652841] cloud-init[947]: Your identification has been saved in /etc/ssh/ssh_host_dsa_key.
[   19.654967] cloud-init[947]: Your public key has been saved in /etc/ssh/ssh_host_dsa_key.pub.
[   19.658653] cloud-init[947]: The key fingerprint is:
[   19.660829] cloud-init[947]: SHA256:sZKpdTxQquftboEfKqbGldJdfq43PlKmr3WevK62G/Q root@ubuntu-bionic
[   19.663470] cloud-init[947]: The key's randomart image is:
[   19.665508] cloud-init[947]: +---[DSA 1024]----+
[   19.667296] cloud-init[947]: |        .        |
[   19.668855] cloud-init[947]: |       o         |
[   19.670851] cloud-init[947]: |      o .        |
[   19.672139] cloud-init[947]: |     . =.o       |
[   19.673255] cloud-init[947]: |   ..o*+S .      |
[   19.675556] cloud-init[947]: |  . +=o++o+.     |
[   19.676355] cloud-init[947]: | . o. .o.Oo E    |
[   19.677152] cloud-init[947]: |  o o ..=.*= .   |
[   19.678048] cloud-init[947]: | ..o . o=O*B*.   |
[   19.679264] cloud-init[947]: +----[SHA256]-----+
[   19.680411] cloud-init[947]: Generating public/private ecdsa key pair.
[   19.682355] cloud-init[947]: Your identification has been saved in /etc/ssh/ssh_host_ecdsa_key.
[   19.684281] cloud-init[947]: Your public key has been saved in /etc/ssh/ssh_host_ecdsa_key.pub.
[   19.687300] cloud-init[947]: The key fingerprint is:
[   19.689082] cloud-init[947]: SHA256:9OeCeZT6HKLxLPm7cpuj0+0VQ7X9fD7j8B/z0G0fdkQ root@ubuntu-bionic
[   19.692184] cloud-init[947]: The key's randomart image is:
[   19.693877] cloud-init[947]: +---[ECDSA 256]---+
[   19.695256] cloud-init[947]: |              .  |
[   19.696681] cloud-init[947]: |             . o |
[   19.697990] cloud-init[947]: |        .   . . E|
[   19.699396] cloud-init[947]: |       . . o   o.|
[   19.700925] cloud-init[947]: |        S + +   =|
[   19.701852] cloud-init[947]: |         = o o +o|
[   19.703302] cloud-init[947]: |      .o=.+ o..B*|
[[0;32m  OK  [0m] Started Initial cloud-init job (metadata service crawler).
[   19.724309] cloud-init[947]: |      ==+*.+  =oX|
[[0;32m  OK  [0m] Reached target Network is Online.
[   19.728830] cloud-init[947]: |      oBO*+    o=|
[   19.730501] cloud-init[947]: +----[SHA256]-----+
[   19.732261]          Starting Availability of block devices...
[[0;32m  OK  [0m] Reached target Remote File Systems (Pre).
[[0;32m  OK  [0m] Reached target Remote File Systems.
[[0;32m  OK  [0m] Reached target System Initialization.
[[0;32m  OK  [0mcloud-init[947]: Generating public/private ed25519 key pair.
[   19.742249] cloud-init[947]: Your identification has been saved in /etc/ssh/ssh_host_ed25519_key.
[   19.745347] cloud-init[947]: Your public key has been saved in /etc/ssh/ssh_host_ed25519_key.pub.] Started Daily Cleanup of Temporary Directories.

[[0;32m  OK  [0m] Started ACPI Events Check.
[[0;32m  OK  [0m] Listening on Open-iSCSI iscsid Socket.
[[0;32m  OK  [0m] Reached target Paths.
[[0;32m  OK  [0m] Started Ubuntu Advantage Timer for running repeated jobs.
[[0;32m  OK  [0m] Started Message of the Day.
[[   19.752685] cloud-init[947]: The key fingerprint is:
[   19.759959] cloud-init[947]: SHA256:IK9I6LrxN0s8VFMS7R149IWxxzK9VVtVIACOSGO5JcA root@ubuntu-bionic
[   19.761297] cloud-init[947]: The key's randomart image is:
[   19.762076] cloud-init[947]: +--[ED25519 256]--+
[   19.763091] cloud-init[947]: | ...+.ooo+o.ooo.B|
[   19.763556] cloud-init[947]: |  Eooo.=o o..*  +|
[   19.764203] cloud-init[947]: |    o+=..o .= +..|
[0;32m  OK  [0m] [   19.764851] cloud-init[947]: | .  .+ o. .  + o |
[   19.769581] cloud-init[947]: |. . . . S     .  |
[   19.769916] cloud-init[947]: |.. + .           |
Listening on D-Bus System Message Bus Socket.
[   19.769992] cloud-init[947]: |... =            |
[   19.770208] cloud-init[947]: |.o .o.           |
[   19.770552] cloud-init[947]: |o....o           |
[   19.771128] cloud-init[947]: +----[SHA256]-----+
         Starting LXD - unix socket.
[[0;32m  OK  [0m] Started Discard unused blocks once a week.
[[0;32m  OK  [0m] Listening on ACPID Listen Socket.
[[0;32m  OK  [0m] Started Daily apt download activities.
[[0;32m  OK  [0m] Started Daily apt upgrade and clean activities.
[[0;32m  OK  [0m] Reached target Timers.
         Starting Socket activation for snappy daemon.
[[0;32m  OK  [0m] Listening on UUID daemon activation socket.
[[0;32m  OK  [0m] Listening on cloud-init hotplug hook socket.
[[0;32m  OK  [0m] Reached target Cloud-config availability.
[[0;32m  OK  [0m] Started Availability of block devices.
[[0;32m  OK  [0m] Listening on LXD - unix socket.
[[0;32m  OK  [0m] Listening on Socket activation for snappy daemon.
[[0;32m  OK  [0m] Reached target Sockets.
[[0;32m  OK  [0m] Reached target Basic System.
         Starting Pollinate to seed the pseudo random number generator...
[[0;32m  OK  [0m] Reached target Login Prompts (Pre).
         Starting Login Service...
         Starting LSB: Record successful boot for GRUB...
         Starting Dispatcher daemon for systemd-networkd...
         Starting Snap Daemon...
[[0;32m  OK  [0m] Started Deferred execution scheduler.
         Starting Virtualbox guest utils...
         Starting Permit User Sessions...
[[0;32m  OK  [0m] Started irqbalance daemon.
[[0;32m  OK  [0m] Started Regular background program processing daemon.
[[0;32m  OK  [0m] Started D-Bus System Message Bus.
[[0;32m  OK  [0m] Started Login Service.
         Starting LSB: automatic crash report generation...
         Starting Accounts Service...
         Starting System Logging Service...
[[0;32m  OK  [0m] Started Unattended Upgrades Shutdown.
[[0;32m  OK  [0m] Started FUSE filesystem for LXC.
         Starting LXD - container startup/shutdown...
[[0;32m  OK  [0m] Started Permit User Sessions.
         Starting Hold until boot process finishes up...
         Starting Terminate Plymouth Boot Screen...
[[0;32m  OK  [0m] Started Hold until boot process finishes up.
[[0;32m  OK  [0m] Started Terminate Plymouth Boot Screen.
         Starting Set console scheme...
[[0;32m  OK  [0m] Started Serial Getty on ttyS0.
[[0;32m  OK  [0m] Started System Logging Service.
[[0;32m  OK  [0m] Started Set console scheme.
[[0;32m  OK  [0m] Created slice system-getty.slice.
[[0;32m  OK  [0m] Started Getty on tty1.
[[0;32m  OK  [0m] Reached target Login Prompts.
[[0;32m  OK  [0m] Started LSB: automatic crash report generation.
[[0;32m  OK  [0m] Started LSB: Record successful boot for GRUB.
         Starting Authorization Manager...
[[0;32m  OK  [0m] Started LXD - container startup/shutdown.
[[0;32m  OK  [0m] Started Authorization Manager.
[[0;32m  OK  [0m] Started Accounts Service.
[[0;32m  OK  [0m] Started Dispatcher daemon for systemd-networkd.
[[0;32m  OK  [0m] Started Virtualbox guest utils.
[[0;32m  OK  [0m] Started Snap Daemon.
         Starting Wait until snapd is fully seeded...
         Starting Time & Date Service...
[[0;32m  OK  [0m] Started Time & Date Service.
[[0;32m  OK  [0m] Started Wait until snapd is fully seeded.
         Starting Apply the settings specified in cloud-config...
[[0;32m  OK  [0m] Started Pollinate to seed the pseudo random number generator.
         Starting OpenBSD Secure Shell server...
[[0;32m  OK  [0m] Started OpenBSD Secure Shell server.
[[0;32m  OK  [0m] Created slice User Slice of vagrant.
         Starting User Manager for UID 1000...
[[0;32m  OK  [0m] Started Session 1 of user vagrant.
[[0;32m  OK  [0m] Started User Manager for UID 1000.
[   24.740256] cloud-init[1386]: Cloud-init v. 23.1.2-0ubuntu0~18.04.1 running 'modules:config' at Tue, 14 Nov 2023 06:47:30 +0000. Up 23.52 seconds.
[[0;32m  OK  [0m] Started Apply the settings specified in cloud-config.
[[0;32m  OK  [0m] Reached target Multi-User System.
[[0;32m  OK  [0m] Reached target Graphical Interface.
         Starting Update UTMP about System Runlevel Changes...
         Starting Execute cloud user/final scripts...
[[0;32m  OK  [0m] Started Update UTMP about System Runlevel Changes.

Ubuntu 18.04.6 LTS ubuntu-bionic ttyS0

ubuntu-bionic login: ci-info: no authorized SSH keys fingerprints found for user ubuntu.
<14>Nov 14 06:47:33 cloud-init: #############################################################
<14>Nov 14 06:47:33 cloud-init: -----BEGIN SSH HOST KEY FINGERPRINTS-----
<14>Nov 14 06:47:33 cloud-init: 1024 SHA256:sZKpdTxQquftboEfKqbGldJdfq43PlKmr3WevK62G/Q root@ubuntu-bionic (DSA)
<14>Nov 14 06:47:33 cloud-init: 256 SHA256:9OeCeZT6HKLxLPm7cpuj0+0VQ7X9fD7j8B/z0G0fdkQ root@ubuntu-bionic (ECDSA)
<14>Nov 14 06:47:33 cloud-init: 256 SHA256:IK9I6LrxN0s8VFMS7R149IWxxzK9VVtVIACOSGO5JcA root@ubuntu-bionic (ED25519)
<14>Nov 14 06:47:33 cloud-init: 2048 SHA256:eaOrHLBZivu8ojaopD9lIbFXhPknpfXB2WbQwwdSCOU root@ubuntu-bionic (RSA)
<14>Nov 14 06:47:33 cloud-init: -----END SSH HOST KEY FINGERPRINTS-----
<14>Nov 14 06:47:33 cloud-init: #############################################################
-----BEGIN SSH HOST KEY KEYS-----
ecdsa-sha2-nistp256 AAAAE2VjZHNhLXNoYTItbmlzdHAyNTYAAAAIbmlzdHAyNTYAAABBBAvLLrAgjjmr9QoN+g4i50EGqMQK5V6ZNDhr/qutdSU1Ax8Rh+XuVF0Se55equ21Gukx/I3HgLdW6Gv5xysC5nY= root@ubuntu-bionic
ssh-ed25519 AAAAC3NzaC1lZDI1NTE5AAAAIN97YsFEtrxhQXuvxDJQKRJreMWhQ1QJPPqsxTWsih/v root@ubuntu-bionic
ssh-rsa AAAAB3NzaC1yc2EAAAADAQABAAABAQDfZIB0skwmBzVCs7mO1ad+fOs2aIH628CbTs1YwqyON6gklR4w0trgNP27c1NBZb/U7pNPIDj0clC3OTneZmbvrsibV7jHbMjGitMOt1B2pgUdnGWNhWbVVN9IPs2oSe3OHcCfzkxyK7eplrVpZNxhFg71PkZTRSZWCofY66r53tIcvWGXKy9Q12xM3JQHstwN8gn+scYcvA3s7DbaROMEtRRafKb00XVrY6Xu470ttfc3Q7YBDSbZyPyWAj5e6E0nXW0YXYAc6HhONZdFiRsv+Fy1ClZG+sbAt+43D9CcfZkv9/ER/RX4OJlD6q4NYm8CEyLoyGZVOzEF4a8Gb0O3 root@ubuntu-bionic
-----END SSH HOST KEY KEYS-----
[   27.254323] cloud-init[1525]: Cloud-init v. 23.1.2-0ubuntu0~18.04.1 running 'modules:final' at Tue, 14 Nov 2023 06:47:32 +0000. Up 26.38 seconds.
[   27.283878] cloud-init[1525]: Cloud-init v. 23.1.2-0ubuntu0~18.04.1 finished at Tue, 14 Nov 2023 06:47:33 +0000. Datasource DataSourceNoCloud [seed=/dev/sdb][dsmode=net].  Up 27.22 seconds
